<?xml version="1.0" encoding="UTF-8"?>
<!-- Generated by org.testng.reporters.JUnitReportReporter -->
<testsuite hostname="QKNBK4736" failures="0" tests="5" name="RestNotes.StartOne" time="5.354" errors="0" timestamp="2024-07-05T15:59:42 IST" skipped="0">
  <testcase classname="RestNotes.StartOne" name="getUsers" time="2.745"/>
  <system-out/>
  <testcase classname="RestNotes.StartOne" name="createUser" time="0.981"/>
  <system-out/>
  <testcase classname="RestNotes.StartOne" name="savingUserID" time="0.529"/>
  <system-out/>
  <testcase classname="RestNotes.StartOne" name="deleteUser" time="0.592"/>
  <system-out/>
  <testcase classname="RestNotes.StartOne" name="updatingData" time="0.507"/>
  <system-out/>
</testsuite> <!-- RestNotes.StartOne -->
