<?xml version="1.0" encoding="UTF-8"?>
<!-- Generated by org.testng.reporters.JUnitReportReporter -->
<testsuite hostname="QKNBK4736" failures="0" tests="1" name="RestAPI.test" time="2.794" errors="0" timestamp="2024-03-06T16:58:22 IST" skipped="0">
  <testcase classname="RestAPI.test" name="post" time="2.794"/>
  <system-out/>
</testsuite> <!-- RestAPI.test -->
