<?xml version="1.0" encoding="UTF-8"?>
<!-- Generated by org.testng.reporters.JUnitReportReporter -->
<testsuite hostname="QKNBK4736" failures="0" tests="1" name="RestNotes.getCookies" time="2.347" errors="0" timestamp="2024-07-08T15:36:32 IST" skipped="0">
  <testcase classname="RestNotes.getCookies" name="getCookiesInfo" time="2.347"/>
  <system-out/>
</testsuite> <!-- RestNotes.getCookies -->
