<?xml version="1.0" encoding="UTF-8"?>
<!-- Generated by org.testng.reporters.JUnitReportReporter -->
<testsuite hostname="QKNBK4736" failures="0" tests="1" name="RestNotes.QueryAndPathParameters" time="2.152" errors="0" timestamp="2024-07-09T12:26:45 IST" skipped="0">
  <testcase classname="RestNotes.QueryAndPathParameters" name="QuesryAndPathParam" time="2.152"/>
  <system-out/>
</testsuite> <!-- RestNotes.QueryAndPathParameters -->
