<?xml version="1.0" encoding="UTF-8"?>
<!-- Generated by org.testng.reporters.JUnitReportReporter -->
<testsuite hostname="QKNBK4736" failures="0" tests="1" name="RestNotes.SchemaTestAndValidation" time="1.438" errors="0" timestamp="2024-07-19T18:24:27 IST" skipped="0">
  <testcase classname="RestNotes.SchemaTestAndValidation" name="schemaValidation" time="1.438"/>
  <system-out/>
</testsuite> <!-- RestNotes.SchemaTestAndValidation -->
