<?xml version="1.0" encoding="UTF-8"?>
<!-- Generated by org.testng.reporters.JUnitReportReporter -->
<testsuite hostname="QKNBK4736" failures="0" tests="5" name="RestNotes.StartOne" time="4.899" errors="0" timestamp="2024-07-18T15:08:11 IST" skipped="0">
  <testcase classname="RestNotes.StartOne" name="getUsers" time="2.459"/>
  <system-out/>
  <testcase classname="RestNotes.StartOne" name="createUser" time="0.760"/>
  <system-out/>
  <testcase classname="RestNotes.StartOne" name="savingUserID" time="0.584"/>
  <system-out/>
  <testcase classname="RestNotes.StartOne" name="updatingData" time="0.491"/>
  <system-out/>
  <testcase classname="RestNotes.StartOne" name="deleteUser" time="0.605"/>
  <system-out/>
</testsuite> <!-- RestNotes.StartOne -->
