<?xml version="1.0" encoding="UTF-8"?>
<!-- Generated by org.testng.reporters.JUnitReportReporter -->
<testsuite hostname="QKNBK4736" failures="0" tests="1" name="RestNotes.CreateRequestBody" time="0.939" errors="0" timestamp="2024-07-05T18:17:36 IST" skipped="0">
  <testcase classname="RestNotes.CreateRequestBody" name="DeleteUser" time="0.939"/>
  <system-out/>
</testsuite> <!-- RestNotes.CreateRequestBody -->
