<?xml version="1.0" encoding="UTF-8"?>
<!-- Generated by org.testng.reporters.JUnitReportReporter -->
<testsuite hostname="QKNBK4736" failures="0" tests="3" name="dataProviderUtility.dataProviderUtil" time="5.572" errors="0" timestamp="2024-03-27T17:06:16 IST" skipped="0">
  <testcase classname="dataProviderUtility.dataProviderUtil" name="testAPI" time="3.289"/>
  <system-out/>
  <testcase classname="dataProviderUtility.dataProviderUtil" name="testAPI" time="1.281"/>
  <system-out/>
  <testcase classname="dataProviderUtility.dataProviderUtil" name="testAPI" time="1.002"/>
  <system-out/>
</testsuite> <!-- dataProviderUtility.dataProviderUtil -->
