<?xml version="1.0" encoding="UTF-8"?>
<!-- Generated by org.testng.reporters.JUnitReportReporter -->
<testsuite hostname="QKNBK4736" failures="0" tests="1" name="RestNotes.VerifyResponseFromResponseBody" time="1.077" errors="0" timestamp="2024-07-16T16:26:19 IST" skipped="0">
  <testcase classname="RestNotes.VerifyResponseFromResponseBody" name="verifyResponseUsingJsonArray" time="1.077"/>
  <system-out/>
</testsuite> <!-- RestNotes.VerifyResponseFromResponseBody -->
