<?xml version="1.0" encoding="UTF-8"?>
<!-- Generated by org.testng.reporters.JUnitReportReporter -->
<testsuite hostname="QKNBK4736" failures="0" tests="1" name="RestNotes.HeaderDemo" time="2.268" errors="0" timestamp="2024-07-09T11:58:30 IST" skipped="0">
  <testcase classname="RestNotes.HeaderDemo" name="getContentTypeFromHeaders" time="2.268"/>
  <system-out/>
</testsuite> <!-- RestNotes.HeaderDemo -->
